SF:/Users/nixrajput/Workspace/flutter-projects/cloudinary-dart/lib/src/api/admin/account_api.dart
DA:7,1
DA:12,2
DA:13,2
DA:15,1
DA:24,2
DA:25,2
DA:27,1
DA:29,1
DA:36,2
DA:37,2
DA:39,1
DA:40,2
DA:46,1
DA:47,2
DA:49,1
DA:52,1
DA:53,1
DA:54,4
DA:58,1
DA:59,1
DA:60,3
DA:61,3
DA:62,2
LF:23
LH:23
end_of_record
SF:/Users/nixrajput/Workspace/flutter-projects/cloudinary-dart/lib/src/api/admin/admin_api.dart
DA:18,1
DA:34,4
DA:37,4
DA:40,4
DA:43,4
DA:46,1
DA:47,3
DA:50,1
DA:51,3
DA:54,1
DA:55,3
DA:58,1
DA:59,3
DA:62,1
DA:63,3
DA:66,1
DA:67,3
LF:17
LH:17
end_of_record
SF:/Users/nixrajput/Workspace/flutter-projects/cloudinary-dart/lib/src/api/admin/folders_api.dart
DA:7,1
DA:12,1
DA:16,1
DA:17,2
DA:19,1
DA:20,1
DA:21,0
DA:22,0
DA:29,1
DA:34,1
DA:35,2
DA:37,2
DA:38,1
DA:39,0
DA:40,0
DA:47,2
DA:48,2
DA:50,2
DA:56,2
DA:57,2
DA:59,2
DA:65,1
DA:66,1
DA:67,2
DA:69,2
DA:70,1
DA:81,1
DA:82,5
LF:28
LH:24
end_of_record
SF:/Users/nixrajput/Workspace/flutter-projects/cloudinary-dart/lib/src/api/admin/metadata_api.dart
DA:11,1
DA:16,1
DA:17,2
DA:19,1
DA:22,1
DA:23,1
DA:25,1
DA:26,4
DA:27,1
DA:32,0
DA:33,0
DA:35,0
DA:43,1
DA:52,3
DA:54,1
DA:56,1
DA:57,1
DA:58,1
DA:59,2
DA:60,0
DA:61,0
DA:63,2
DA:64,0
DA:70,1
DA:77,3
DA:79,1
DA:81,1
DA:82,1
DA:83,0
DA:84,0
DA:85,0
DA:91,0
DA:92,0
DA:94,0
DA:100,0
DA:104,0
DA:106,0
DA:108,0
DA:113,0
DA:117,0
DA:119,0
DA:121,0
DA:126,0
DA:130,0
DA:132,0
DA:134,0
DA:139,1
DA:144,2
DA:146,1
DA:148,1
DA:153,0
DA:157,0
DA:159,0
DA:161,0
DA:169,1
DA:174,0
DA:175,0
DA:177,0
DA:180,0
DA:181,0
DA:183,0
DA:184,0
DA:185,0
DA:190,1
DA:196,3
DA:198,1
DA:200,1
DA:201,1
DA:202,1
DA:203,1
DA:204,0
DA:210,0
DA:217,0
DA:219,0
DA:221,0
DA:222,0
DA:223,0
DA:224,0
DA:225,0
DA:231,2
DA:232,2
DA:234,1
LF:82
LH:37
end_of_record
SF:/Users/nixrajput/Workspace/flutter-projects/cloudinary-dart/lib/src/api/admin/resources_api.dart
DA:9,1
DA:13,1
DA:25,1
DA:26,0
DA:27,1
DA:28,0
DA:29,0
DA:30,0
DA:31,0
DA:32,0
DA:33,0
DA:34,0
DA:35,0
DA:39,1
DA:53,3
DA:55,3
DA:56,1
DA:72,1
DA:81,3
DA:83,2
DA:84,1
DA:95,1
DA:102,3
DA:104,2
DA:105,1
DA:106,1
DA:107,1
DA:108,0
DA:109,0
DA:115,1
DA:122,3
DA:124,1
DA:126,1
DA:131,1
DA:136,1
DA:141,3
DA:143,1
DA:144,1
DA:145,1
DA:146,0
DA:147,0
DA:153,1
DA:154,3
DA:156,1
DA:157,1
DA:162,0
DA:167,0
DA:169,0
DA:170,0
DA:175,1
DA:188,3
DA:190,2
DA:191,1
DA:192,1
DA:193,0
DA:194,0
DA:195,0
DA:197,0
DA:199,0
DA:200,0
DA:201,0
DA:207,1
DA:208,3
DA:210,1
DA:215,1
DA:227,3
DA:229,2
DA:230,1
DA:231,1
DA:232,0
DA:233,0
DA:234,0
DA:235,0
DA:236,0
DA:237,0
DA:243,1
DA:249,2
DA:251,2
DA:252,1
DA:253,1
DA:254,0
DA:260,0
DA:264,0
DA:266,0
DA:267,0
DA:268,0
DA:269,0
DA:275,1
DA:283,3
DA:285,2
DA:286,1
DA:287,1
DA:288,0
DA:289,0
DA:290,0
DA:296,0
DA:300,0
DA:302,0
DA:303,0
DA:304,0
DA:305,0
DA:311,1
DA:318,3
DA:320,2
DA:321,1
DA:322,1
DA:323,0
DA:324,0
DA:330,1
DA:335,3
DA:337,2
DA:338,1
DA:346,1
DA:359,3
DA:361,2
DA:362,1
DA:363,1
DA:364,0
DA:365,0
DA:372,0
DA:376,0
DA:378,0
DA:379,0
DA:384,1
DA:387,2
DA:389,1
DA:390,1
DA:395,0
DA:403,0
DA:405,0
DA:406,0
DA:407,0
DA:408,0
DA:409,0
DA:410,0
DA:416,1
DA:422,2
DA:424,1
DA:427,1
DA:431,1
DA:436,0
DA:440,0
DA:442,0
DA:443,0
DA:448,0
DA:454,0
DA:456,0
DA:459,0
DA:463,0
DA:468,0
DA:472,0
DA:474,0
DA:475,0
DA:482,1
DA:492,4
DA:493,1
DA:498,0
DA:500,0
DA:502,0
DA:506,0
DA:507,0
DA:508,0
DA:509,0
DA:510,0
DA:511,0
DA:512,0
LF:166
LH:81
end_of_record
SF:/Users/nixrajput/Workspace/flutter-projects/cloudinary-dart/lib/src/api/admin/streaming_profiles_api.dart
DA:8,1
DA:13,1
DA:14,3
DA:16,1
DA:21,1
DA:22,3
DA:24,1
DA:29,1
DA:34,3
DA:36,1
DA:37,1
DA:38,1
DA:39,0
DA:40,1
DA:46,0
DA:51,0
DA:53,0
DA:54,0
DA:55,0
DA:56,0
DA:62,0
DA:63,0
DA:65,0
LF:23
LH:13
end_of_record
SF:/Users/nixrajput/Workspace/flutter-projects/cloudinary-dart/lib/src/api/admin/tags_api.dart
DA:8,1
DA:13,1
DA:19,1
DA:20,2
DA:22,2
DA:23,1
DA:24,1
DA:25,0
DA:26,0
LF:9
LH:7
end_of_record
SF:/Users/nixrajput/Workspace/flutter-projects/cloudinary-dart/lib/src/api/admin/transformations_api.dart
DA:12,1
DA:17,1
DA:22,3
DA:24,1
DA:25,1
DA:26,0
DA:27,0
DA:28,0
DA:34,1
DA:39,3
DA:41,1
DA:42,1
DA:43,1
DA:44,0
DA:45,0
DA:51,1
DA:55,3
DA:57,1
DA:58,1
DA:63,1
DA:68,3
DA:70,1
DA:71,1
DA:72,1
DA:73,1
DA:74,0
DA:80,1
DA:81,3
DA:83,1
DA:84,1
DA:85,1
DA:86,0
LF:32
LH:25
end_of_record
SF:/Users/nixrajput/Workspace/flutter-projects/cloudinary-dart/lib/src/api/admin/upload_mappings_api.dart
DA:11,1
DA:16,0
DA:20,0
DA:22,0
DA:23,0
DA:24,0
DA:25,0
DA:31,2
DA:32,2
DA:34,1
DA:35,1
DA:41,1
DA:45,3
DA:47,1
DA:48,1
DA:53,0
DA:57,0
DA:59,0
DA:60,0
DA:65,0
DA:66,0
DA:68,0
DA:69,0
LF:23
LH:9
end_of_record
SF:/Users/nixrajput/Workspace/flutter-projects/cloudinary-dart/lib/src/api/admin/upload_presets_api.dart
DA:8,1
DA:13,0
DA:17,0
DA:19,0
DA:20,0
DA:21,0
DA:22,0
DA:28,2
DA:29,2
DA:31,1
DA:37,1
DA:42,3
DA:44,1
DA:45,3
DA:50,0
DA:55,0
DA:57,0
DA:58,0
DA:59,0
DA:60,0
DA:66,2
DA:67,2
DA:69,1
LF:23
LH:11
end_of_record
SF:/Users/nixrajput/Workspace/flutter-projects/cloudinary-dart/lib/src/api/search/search_api.dart
DA:11,1
DA:17,4
DA:20,2
DA:21,1
DA:22,1
DA:27,3
DA:30,0
DA:33,0
DA:37,0
DA:40,3
DA:43,0
LF:11
LH:7
end_of_record
SF:/Users/nixrajput/Workspace/flutter-projects/cloudinary-dart/lib/src/api/search/search_query.dart
DA:39,1
DA:62,1
DA:63,1
DA:68,1
DA:69,1
DA:74,1
DA:75,1
DA:80,1
DA:82,4
DA:87,1
DA:88,4
DA:93,1
DA:94,4
DA:99,0
DA:100,0
DA:105,0
DA:106,0
DA:114,2
DA:115,3
DA:116,3
DA:117,3
DA:118,4
DA:119,4
DA:120,4
DA:121,2
DA:125,2
DA:126,2
DA:128,2
DA:130,1
DA:136,1
DA:137,1
DA:138,2
DA:140,1
DA:142,1
DA:152,1
DA:153,2
DA:155,0
DA:156,3
DA:157,3
DA:160,5
DA:161,1
DA:163,1
DA:164,3
LF:43
LH:38
end_of_record
SF:/Users/nixrajput/Workspace/flutter-projects/cloudinary-dart/lib/src/api/upload_api.dart
DA:14,2
DA:25,1
DA:45,2
DA:46,2
DA:47,1
DA:48,1
DA:49,1
DA:50,0
DA:51,1
DA:52,1
DA:53,0
DA:54,1
DA:55,0
DA:56,1
DA:57,0
DA:58,0
DA:59,0
DA:60,0
DA:61,0
DA:62,1
DA:69,1
DA:76,1
DA:87,1
DA:94,2
DA:95,2
DA:96,1
DA:97,1
DA:98,0
DA:99,0
DA:100,0
DA:101,0
DA:102,0
DA:108,1
DA:113,1
DA:123,3
DA:125,2
DA:127,1
DA:128,1
DA:129,1
DA:130,1
DA:131,0
DA:132,0
DA:133,0
DA:134,0
DA:139,1
DA:149,3
DA:151,2
DA:153,1
DA:154,1
DA:155,1
DA:156,0
DA:157,0
DA:158,0
DA:159,0
DA:160,0
DA:168,1
DA:175,1
DA:180,3
DA:182,2
DA:184,1
DA:185,1
DA:186,0
DA:187,1
DA:188,0
DA:194,1
DA:198,3
DA:200,1
DA:202,1
DA:206,1
DA:211,1
DA:214,1
DA:219,1
DA:222,1
DA:227,1
DA:230,1
DA:234,1
DA:236,1
DA:242,3
DA:244,2
DA:246,1
DA:247,1
DA:248,1
DA:249,1
DA:254,1
DA:259,3
DA:261,2
DA:263,1
DA:265,1
DA:271,1
DA:275,3
DA:277,2
DA:279,1
DA:283,1
DA:288,3
DA:290,2
DA:292,1
DA:293,1
DA:299,1
DA:305,3
DA:307,2
DA:309,1
DA:310,1
DA:311,1
DA:312,0
DA:317,1
DA:325,1
DA:326,3
DA:328,1
DA:330,1
DA:331,1
DA:332,0
DA:333,0
DA:334,0
DA:335,0
DA:336,0
DA:342,1
DA:349,1
DA:350,3
DA:352,1
DA:354,1
DA:355,1
DA:356,0
DA:357,0
DA:358,0
DA:359,0
DA:365,1
DA:376,3
DA:378,1
DA:380,1
DA:381,1
DA:382,0
DA:383,1
DA:384,0
DA:385,0
DA:386,0
DA:387,0
DA:388,0
DA:389,0
DA:396,1
DA:414,3
DA:416,2
DA:418,1
DA:419,1
DA:420,0
DA:421,0
DA:422,1
DA:423,0
DA:424,0
DA:425,0
DA:426,0
DA:427,0
DA:433,1
DA:442,1
DA:458,1
DA:462,3
DA:464,2
DA:465,1
DA:468,1
DA:469,0
DA:470,1
DA:471,1
DA:481,4
DA:482,14
DA:483,2
DA:485,2
DA:486,6
LF:166
LH:117
end_of_record
SF:/Users/nixrajput/Workspace/flutter-projects/cloudinary-dart/lib/src/auth/auth_token.dart
DA:8,6
DA:17,2
DA:18,6
DA:19,2
DA:20,6
DA:21,8
DA:23,2
DA:32,2
DA:76,2
DA:77,2
DA:78,3
DA:84,2
DA:86,2
DA:87,4
DA:88,4
DA:89,2
DA:90,4
DA:95,2
DA:97,1
DA:98,3
DA:101,6
DA:102,6
DA:103,2
DA:105,10
DA:108,2
DA:109,2
DA:110,2
DA:111,8
DA:115,2
DA:116,4
DA:117,1
DA:122,1
DA:123,2
DA:126,2
DA:127,6
DA:132,2
DA:133,6
DA:134,6
DA:140,2
LF:39
LH:39
end_of_record
SF:/Users/nixrajput/Workspace/flutter-projects/cloudinary-dart/lib/src/auth/notification.dart
DA:17,1
DA:25,3
DA:26,3
DA:28,2
DA:30,2
DA:31,2
DA:33,1
DA:35,1
DA:42,1
DA:43,3
DA:45,3
DA:46,4
DA:48,1
LF:13
LH:13
end_of_record
SF:/Users/nixrajput/Workspace/flutter-projects/cloudinary-dart/lib/src/auth/signature.dart
DA:11,20
DA:19,5
DA:20,5
DA:21,10
DA:22,5
DA:24,13
DA:25,5
DA:26,15
DA:32,25
DA:34,10
DA:35,15
DA:36,10
DA:37,5
DA:41,5
DA:48,15
DA:50,10
DA:51,2
DA:53,5
DA:69,10
DA:70,5
DA:71,25
LF:21
LH:21
end_of_record
SF:/Users/nixrajput/Workspace/flutter-projects/cloudinary-dart/lib/src/auth/signature_algorithm.dart
DA:10,0
LF:1
LH:0
end_of_record
SF:/Users/nixrajput/Workspace/flutter-projects/cloudinary-dart/lib/src/auth/signature_provider.dart
DA:19,1
LF:1
LH:1
end_of_record
SF:/Users/nixrajput/Workspace/flutter-projects/cloudinary-dart/lib/src/cloudinary.dart
DA:16,6
DA:23,6
DA:30,6
DA:36,12
DA:44,6
DA:55,12
DA:61,6
DA:71,6
DA:72,6
DA:91,5
DA:99,5
DA:100,5
DA:109,1
DA:116,1
DA:117,1
DA:129,0
DA:135,0
DA:136,0
DA:141,0
DA:168,8
DA:172,4
DA:175,5
DA:178,5
DA:181,2
DA:184,4
DA:190,3
LF:26
LH:22
end_of_record
SF:/Users/nixrajput/Workspace/flutter-projects/cloudinary-dart/lib/src/config/cloudinary_config.dart
DA:12,10
DA:26,2
DA:29,2
DA:30,0
DA:31,0
DA:34,4
DA:35,4
DA:37,2
DA:40,4
DA:47,2
DA:48,2
DA:49,6
DA:50,8
DA:52,2
DA:53,2
DA:54,2
DA:55,2
DA:77,45
DA:80,9
DA:81,27
DA:86,36
DA:87,1
DA:88,2
DA:99,8
DA:100,8
DA:101,8
DA:111,0
DA:118,0
DA:119,0
DA:120,0
DA:121,0
DA:122,0
DA:123,0
DA:126,2
DA:127,4
DA:128,6
DA:129,4
LF:37
LH:28
end_of_record
SF:/Users/nixrajput/Workspace/flutter-projects/cloudinary-dart/lib/src/config/url_config.dart
DA:8,17
DA:47,0
DA:57,0
DA:58,0
DA:59,0
DA:60,0
DA:61,0
DA:62,0
DA:63,0
DA:64,0
DA:65,0
LF:11
LH:1
end_of_record
SF:/Users/nixrajput/Workspace/flutter-projects/cloudinary-dart/lib/src/enums/cloudinary_delivery_type.dart
DA:55,2
LF:1
LH:1
end_of_record
SF:/Users/nixrajput/Workspace/flutter-projects/cloudinary-dart/lib/src/exceptions.dart
DA:7,17
DA:12,1
DA:13,3
DA:19,4
DA:23,4
DA:32,1
DA:33,4
DA:42,2
DA:64,2
DA:74,1
DA:87,2
DA:100,17
DA:106,17
LF:13
LH:13
end_of_record
SF:/Users/nixrajput/Workspace/flutter-projects/cloudinary-dart/lib/src/http/file_source.dart
DA:5,2
DA:32,2
DA:44,0
DA:56,2
LF:4
LH:3
end_of_record
SF:/Users/nixrajput/Workspace/flutter-projects/cloudinary-dart/lib/src/http/retry_policy.dart
DA:8,17
DA:29,2
DA:30,8
DA:33,15
LF:4
LH:4
end_of_record
SF:/Users/nixrajput/Workspace/flutter-projects/cloudinary-dart/lib/src/models/admin_config_models.dart
DA:6,1
DA:9,0
DA:13,0
DA:16,0
DA:19,0
DA:22,0
DA:25,0
DA:31,1
DA:34,0
DA:35,0
DA:36,0
DA:37,0
DA:40,0
DA:46,1
DA:49,0
DA:52,0
DA:55,0
DA:61,0
DA:64,0
DA:65,0
DA:68,0
DA:74,1
DA:77,0
DA:80,0
DA:86,0
DA:89,0
DA:90,0
DA:91,0
DA:94,0
DA:100,1
DA:103,0
DA:106,0
DA:109,0
DA:112,0
DA:113,0
DA:119,1
DA:122,0
DA:123,0
DA:129,1
DA:132,2
DA:135,0
DA:138,0
DA:141,0
DA:144,0
DA:147,0
DA:148,0
DA:149,0
DA:150,0
DA:151,0
DA:152,0
DA:159,1
DA:162,0
DA:165,0
DA:168,0
DA:171,0
DA:174,0
DA:198,3
LF:57
LH:10
end_of_record
SF:/Users/nixrajput/Workspace/flutter-projects/cloudinary-dart/lib/src/models/admin_models.dart
DA:7,1
DA:10,2
DA:13,3
DA:19,1
DA:22,2
DA:25,0
DA:28,2
DA:31,2
DA:34,0
DA:37,0
DA:40,0
DA:43,3
DA:46,0
DA:48,1
DA:49,2
DA:50,2
DA:51,0
DA:59,1
DA:62,0
DA:65,0
DA:68,0
DA:74,2
DA:77,4
DA:80,0
DA:83,0
DA:84,0
DA:87,0
DA:90,0
DA:93,0
DA:96,0
DA:99,0
DA:102,0
DA:105,0
DA:108,0
DA:111,0
DA:114,0
DA:117,0
DA:120,0
DA:123,0
DA:126,0
DA:129,0
DA:132,0
DA:135,0
DA:138,0
DA:144,1
DA:147,2
DA:148,1
DA:149,1
DA:152,2
DA:155,0
DA:158,0
DA:161,0
DA:167,1
DA:170,2
DA:173,0
DA:176,0
DA:179,0
DA:185,1
DA:188,2
DA:191,0
DA:194,0
DA:200,1
DA:203,1
DA:204,3
DA:207,0
DA:210,0
DA:216,1
DA:219,2
DA:222,0
DA:228,1
DA:231,0
DA:234,0
LF:72
LH:29
end_of_record
SF:/Users/nixrajput/Workspace/flutter-projects/cloudinary-dart/lib/src/models/model_base.dart
DA:10,5
DA:16,4
DA:17,8
DA:19,4
DA:23,3
DA:24,6
DA:25,3
DA:26,1
DA:27,2
DA:32,1
DA:33,2
DA:34,2
DA:35,0
DA:40,0
DA:41,0
DA:42,0
DA:43,0
DA:44,0
DA:45,0
DA:51,1
DA:52,2
DA:53,1
DA:54,1
DA:58,3
DA:59,6
DA:60,3
DA:61,12
DA:65,2
DA:66,4
DA:67,4
DA:71,2
DA:72,4
DA:73,2
DA:75,2
DA:76,2
DA:77,2
DA:85,1
DA:86,2
DA:87,1
DA:88,2
DA:89,2
DA:94,0
DA:95,0
LF:43
LH:34
end_of_record
SF:/Users/nixrajput/Workspace/flutter-projects/cloudinary-dart/lib/src/models/search_result.dart
DA:7,1
DA:10,2
DA:11,1
DA:12,1
DA:15,2
DA:18,2
DA:21,2
DA:24,2
DA:30,1
DA:33,0
DA:34,0
DA:37,0
DA:40,0
LF:13
LH:9
end_of_record
SF:/Users/nixrajput/Workspace/flutter-projects/cloudinary-dart/lib/src/models/upload_result.dart
DA:7,3
DA:10,2
DA:13,2
DA:16,0
DA:19,0
DA:22,0
DA:25,2
DA:28,2
DA:31,2
DA:34,1
DA:35,1
DA:38,2
DA:41,2
DA:44,2
DA:47,0
DA:50,0
DA:53,0
DA:56,0
DA:59,2
DA:62,0
DA:65,0
DA:68,0
DA:71,0
DA:74,0
DA:77,2
DA:80,0
DA:83,0
DA:86,0
DA:89,0
DA:92,0
DA:95,0
LF:31
LH:13
end_of_record
SF:/Users/nixrajput/Workspace/flutter-projects/cloudinary-dart/lib/src/models/upload_results.dart
DA:6,1
DA:9,2
DA:12,3
DA:21,1
DA:24,2
DA:30,1
DA:33,0
DA:36,0
DA:39,0
DA:42,0
DA:45,2
DA:48,0
DA:54,1
DA:57,0
DA:60,0
DA:63,0
DA:66,0
DA:69,0
DA:72,0
DA:78,1
DA:81,2
DA:84,0
DA:87,0
DA:90,0
DA:96,1
DA:99,0
DA:102,2
LF:27
LH:12
end_of_record
SF:/Users/nixrajput/Workspace/flutter-projects/cloudinary-dart/lib/src/url/cloudinary_url.dart
DA:21,1
DA:27,2
DA:28,1
DA:29,1
DA:35,2
DA:36,1
DA:37,1
DA:43,2
DA:44,1
DA:45,1
DA:54,1
DA:79,1
DA:80,3
DA:85,0
DA:86,0
DA:91,1
DA:92,1
DA:97,1
DA:98,1
DA:103,1
DA:104,1
DA:109,0
DA:110,0
DA:118,1
DA:119,1
DA:120,1
DA:125,1
DA:126,1
DA:131,1
DA:133,4
DA:134,1
DA:137,2
DA:138,5
DA:139,1
DA:142,2
DA:143,1
DA:145,1
DA:146,2
DA:147,1
DA:148,1
DA:151,1
DA:153,1
DA:154,2
DA:155,2
DA:156,1
DA:158,1
DA:159,1
DA:160,1
DA:161,1
DA:162,3
DA:164,2
DA:166,1
DA:168,2
DA:173,1
DA:174,3
DA:175,2
DA:176,1
DA:177,2
DA:181,1
DA:182,3
DA:189,1
DA:190,3
DA:191,1
DA:193,1
DA:195,2
DA:196,1
DA:198,4
DA:200,2
DA:201,2
DA:205,2
DA:206,1
DA:207,1
DA:208,1
DA:210,1
LF:74
LH:70
end_of_record
SF:/Users/nixrajput/Workspace/flutter-projects/cloudinary-dart/lib/src/url/transformation.dart
DA:10,2
DA:16,8
DA:19,8
DA:22,8
DA:25,4
DA:28,0
DA:31,4
DA:34,0
DA:37,4
DA:40,4
DA:43,1
DA:44,4
DA:47,0
DA:50,0
DA:53,0
DA:56,0
DA:59,4
DA:62,4
DA:65,0
DA:68,0
DA:71,0
DA:74,0
DA:77,0
DA:80,0
DA:83,0
DA:86,0
DA:89,0
DA:92,0
DA:95,0
DA:98,0
DA:101,0
DA:104,0
DA:107,0
DA:111,1
DA:112,6
DA:117,3
DA:120,8
DA:123,2
DA:124,8
DA:125,2
DA:126,8
DA:127,2
DA:128,2
DA:132,1
DA:133,3
DA:135,0
DA:136,0
DA:142,2
DA:148,0
DA:151,4
DA:152,6
DA:153,6
DA:154,2
DA:156,0
DA:157,0
LF:55
LH:29
end_of_record
SF:/Users/nixrajput/Workspace/flutter-projects/cloudinary-dart/lib/src/url/transformation_enums.dart
DA:47,6
DA:99,2
DA:124,2
DA:160,2
DA:209,3
DA:252,3
LF:6
LH:6
end_of_record
SF:/Users/nixrajput/Workspace/flutter-projects/cloudinary-dart/lib/src/http/transport.dart
DA:39,8
DA:45,4
DA:64,0
DA:73,6
DA:78,6
DA:79,6
DA:80,12
DA:81,6
DA:82,6
DA:84,24
DA:90,4
DA:91,8
DA:93,4
DA:94,8
DA:95,8
DA:97,4
DA:99,8
DA:100,8
DA:102,8
DA:103,8
DA:104,8
DA:106,12
DA:111,4
DA:121,8
DA:122,6
DA:124,2
DA:125,4
DA:127,8
DA:128,4
DA:130,3
DA:131,18
DA:133,9
DA:135,4
DA:137,4
DA:138,6
DA:140,6
DA:142,6
DA:148,4
DA:158,2
DA:166,4
DA:168,2
DA:169,6
DA:171,2
DA:172,2
DA:175,2
DA:176,4
DA:178,4
DA:179,5
DA:183,6
DA:184,4
DA:185,2
DA:189,6
DA:192,2
DA:194,0
DA:195,0
DA:197,0
DA:203,2
DA:210,2
DA:211,8
DA:213,0
DA:215,0
DA:216,0
DA:217,0
DA:221,0
DA:222,0
DA:227,2
DA:230,4
DA:233,4
DA:236,20
DA:237,4
DA:238,1
DA:240,1
DA:241,0
DA:242,0
DA:243,0
DA:247,0
DA:250,3
DA:251,1
DA:252,1
DA:256,0
DA:260,12
DA:261,12
DA:262,1
DA:263,3
DA:272,6
DA:273,6
DA:276,12
DA:278,12
DA:279,6
DA:281,0
DA:282,1
DA:283,1
DA:284,2
DA:288,2
DA:292,12
DA:294,3
DA:296,7
DA:298,4
DA:299,7
DA:303,1
DA:304,1
DA:305,1
DA:307,3
DA:315,3
DA:316,3
DA:317,9
DA:318,3
DA:320,0
DA:321,0
DA:325,1
DA:326,3
DA:328,1
DA:329,2
DA:331,1
DA:334,1
DA:335,2
DA:337,0
DA:338,0
DA:339,0
DA:341,0
DA:342,0
DA:346,6
DA:348,3
DA:349,6
DA:350,3
DA:352,15
DA:354,3
DA:357,4
DA:358,2
DA:359,8
DA:363,2
DA:364,2
LF:132
LH:109
end_of_record
SF:/Users/nixrajput/Workspace/flutter-projects/cloudinary-dart/lib/src/config/environment_io.dart
DA:4,0
LF:1
LH:0
end_of_record
SF:/Users/nixrajput/Workspace/flutter-projects/cloudinary-dart/lib/src/http/http_date.dart
DA:6,6
DA:17,2
DA:18,6
DA:21,4
DA:22,4
DA:24,2
DA:25,4
DA:26,2
DA:27,4
DA:28,4
DA:29,4
DA:30,4
LF:12
LH:12
end_of_record
SF:/Users/nixrajput/Workspace/flutter-projects/cloudinary-dart/lib/src/http/multipart.dart
DA:15,2
DA:24,2
DA:26,2
DA:27,2
DA:30,1
DA:33,1
DA:34,1
DA:35,1
DA:36,2
DA:37,1
DA:38,1
DA:43,1
LF:12
LH:12
end_of_record
SF:/Users/nixrajput/Workspace/flutter-projects/cloudinary-dart/lib/src/url/distribution.dart
DA:13,1
DA:18,1
DA:21,1
DA:22,1
DA:23,2
DA:25,1
DA:26,1
DA:28,2
DA:31,1
DA:32,1
DA:33,1
DA:34,2
DA:36,1
DA:37,1
DA:38,1
DA:41,1
DA:48,1
DA:53,1
DA:55,3
DA:59,1
DA:62,4
LF:21
LH:21
end_of_record
SF:/Users/nixrajput/Workspace/flutter-projects/cloudinary-dart/lib/src/url/crc32.dart
DA:7,1
DA:9,2
DA:10,2
DA:11,2
DA:12,5
DA:15,2
LF:6
LH:6
end_of_record
